Dec 04, 2018 4:40:33 PM org.apache.karaf.main.Main launch
INFO: Installing and starting initial bundles
Dec 04, 2018 4:40:36 PM org.apache.karaf.main.Main launch
INFO: All initial bundles installed and set to start
Dec 04, 2018 4:40:37 PM org.apache.karaf.main.Main$KarafLockCallback lockAquired
INFO: Lock acquired. Setting startlevel to 100
Dec 04, 2018 4:40:37 PM org.sonatype.nexus.karaf.NexusMain launch
INFO: ...launched Nexus!
Dec 04, 2018 5:43:58 PM org.apache.karaf.main.Main launch
INFO: Installing and starting initial bundles
Dec 04, 2018 5:44:01 PM org.apache.karaf.main.Main launch
INFO: All initial bundles installed and set to start
Dec 04, 2018 5:44:01 PM org.apache.karaf.main.Main$KarafLockCallback lockAquired
INFO: Lock acquired. Setting startlevel to 100
Dec 04, 2018 5:44:02 PM org.sonatype.nexus.karaf.NexusMain launch
INFO: ...launched Nexus!
Dec 04, 2018 5:51:22 PM org.apache.karaf.main.Main launch
INFO: Installing and starting initial bundles
Dec 04, 2018 5:51:24 PM org.apache.karaf.main.Main launch
INFO: All initial bundles installed and set to start
Dec 04, 2018 5:51:25 PM org.apache.karaf.main.Main$KarafLockCallback lockAquired
INFO: Lock acquired. Setting startlevel to 100
Dec 04, 2018 5:51:25 PM org.sonatype.nexus.karaf.NexusMain launch
INFO: ...launched Nexus!
Dec 04, 2018 6:06:48 PM org.apache.karaf.main.Main launch
INFO: Installing and starting initial bundles
Dec 04, 2018 6:06:51 PM org.apache.karaf.main.Main launch
INFO: All initial bundles installed and set to start
Dec 04, 2018 6:06:56 PM org.sonatype.nexus.karaf.NexusMain launch
INFO: ...launched Nexus!
Dec 04, 2018 6:06:56 PM org.apache.karaf.main.Main$KarafLockCallback lockAquired
INFO: Lock acquired. Setting startlevel to 100
Dec 04, 2018 6:07:47 PM org.apache.karaf.main.Main launch
INFO: Installing and starting initial bundles
Dec 04, 2018 6:07:51 PM org.apache.karaf.main.Main launch
INFO: All initial bundles installed and set to start
Dec 04, 2018 6:07:55 PM org.apache.karaf.main.Main$KarafLockCallback lockAquired
INFO: Lock acquired. Setting startlevel to 100
Dec 04, 2018 6:07:55 PM org.sonatype.nexus.karaf.NexusMain launch
INFO: ...launched Nexus!
Dec 04, 2018 6:27:31 PM org.apache.karaf.main.Main launch
INFO: Installing and starting initial bundles
Dec 04, 2018 6:27:37 PM org.apache.karaf.main.Main launch
INFO: All initial bundles installed and set to start
Dec 04, 2018 6:27:44 PM org.apache.karaf.main.Main$KarafLockCallback lockAquired
INFO: Lock acquired. Setting startlevel to 100
Dec 04, 2018 6:27:44 PM org.sonatype.nexus.karaf.NexusMain launch
INFO: ...launched Nexus!
